<?xml version="1.0" encoding="UTF-8"?>
<testng-results skipped="0" failed="0" ignored="0" total="1" passed="1">
  <reporter-output>
  </reporter-output>
  <suite name="Default suite" duration-ms="7779" started-at="2021-05-31T20:54:21Z" finished-at="2021-05-31T20:54:29Z">
    <groups>
    </groups>
    <test name="Default test" duration-ms="7779" started-at="2021-05-31T20:54:21Z" finished-at="2021-05-31T20:54:29Z">
      <class name="tests.ITBootcampTest">
        <test-method status="PASS" signature="createDriver()[pri:0, instance:tests.ITBootcampTest@68be2bc2]" name="createDriver" is-config="true" duration-ms="1450" started-at="2021-05-31T20:54:21Z" finished-at="2021-05-31T20:54:22Z">
          <reporter-output>
          </reporter-output>
        </test-method> <!-- createDriver -->
        <test-method status="PASS" signature="testDonationsBtn()[pri:0, instance:tests.ITBootcampTest@68be2bc2]" name="testDonationsBtn" duration-ms="6322" started-at="2021-05-31T20:54:22Z" finished-at="2021-05-31T20:54:29Z">
          <reporter-output>
          </reporter-output>
        </test-method> <!-- testDonationsBtn -->
      </class> <!-- tests.ITBootcampTest -->
    </test> <!-- Default test -->
  </suite> <!-- Default suite -->
</testng-results>
