<?xml version="1.0" encoding="UTF-8"?>
<testng-results skipped="0" failed="0" ignored="0" total="2" passed="2">
  <reporter-output>
  </reporter-output>
  <suite name="Default suite" duration-ms="22" started-at="2021-05-30T20:09:21Z" finished-at="2021-05-30T20:09:21Z">
    <groups>
    </groups>
    <test name="Default test" duration-ms="22" started-at="2021-05-30T20:09:21Z" finished-at="2021-05-30T20:09:21Z">
      <class name="bankaDom.TestBankaKod">
        <test-method status="PASS" signature="testDohvati()[pri:0, instance:bankaDom.TestBankaKod@32d992b2]" name="testDohvati" duration-ms="8" started-at="2021-05-30T20:09:21Z" finished-at="2021-05-30T20:09:21Z">
          <reporter-output>
          </reporter-output>
        </test-method> <!-- testDohvati -->
        <test-method status="PASS" signature="testKonstruktor()[pri:0, instance:bankaDom.TestBankaKod@32d992b2]" name="testKonstruktor" duration-ms="0" started-at="2021-05-30T20:09:21Z" finished-at="2021-05-30T20:09:21Z">
          <reporter-output>
          </reporter-output>
        </test-method> <!-- testKonstruktor -->
      </class> <!-- bankaDom.TestBankaKod -->
    </test> <!-- Default test -->
  </suite> <!-- Default suite -->
</testng-results>
